2023/11/21 15:45:18 [notice] 1#1: using the "epoll" event method
2023/11/21 15:45:18 [notice] 1#1: nginx/1.23.4
2023/11/21 15:45:18 [notice] 1#1: built by gcc 10.2.1 20210110 (Debian 10.2.1-6) 
2023/11/21 15:45:18 [notice] 1#1: OS: Linux 6.4.16-linuxkit
2023/11/21 15:45:18 [notice] 1#1: getrlimit(RLIMIT_NOFILE): 1048576:1048576
2023/11/21 15:45:18 [notice] 1#1: start worker processes
2023/11/21 15:45:18 [notice] 1#1: start worker process 28
2023/11/21 15:45:18 [notice] 1#1: start worker process 29
2023/11/21 15:45:18 [notice] 1#1: start worker process 30
2023/11/21 15:45:18 [notice] 1#1: start worker process 31
2023/11/21 15:45:18 [notice] 1#1: start worker process 32
2023/11/21 15:45:18 [notice] 1#1: start worker process 33
2023/11/21 15:45:18 [notice] 1#1: start worker process 34
2023/11/21 15:45:18 [notice] 1#1: start worker process 35
2023/11/21 15:45:46 [error] 28#28: *1 open() "/var/www/html/favicon.ico" failed (2: No such file or directory), client: 192.168.65.1, server: , request: "GET /favicon.ico HTTP/1.1", host: "localhost", referrer: "http://localhost/index.php"
2023/11/21 15:54:01 [notice] 1#1: signal 3 (SIGQUIT) received, shutting down
2023/11/21 15:54:01 [notice] 28#28: gracefully shutting down
2023/11/21 15:54:01 [notice] 34#34: gracefully shutting down
2023/11/21 15:54:01 [notice] 32#32: gracefully shutting down
2023/11/21 15:54:01 [notice] 33#33: gracefully shutting down
2023/11/21 15:54:01 [notice] 35#35: gracefully shutting down
2023/11/21 15:54:01 [notice] 30#30: gracefully shutting down
2023/11/21 15:54:01 [notice] 31#31: gracefully shutting down
2023/11/21 15:54:01 [notice] 29#29: gracefully shutting down
2023/11/21 15:54:01 [notice] 28#28: exiting
2023/11/21 15:54:01 [notice] 34#34: exiting
2023/11/21 15:54:01 [notice] 32#32: exiting
2023/11/21 15:54:01 [notice] 33#33: exiting
2023/11/21 15:54:01 [notice] 35#35: exiting
2023/11/21 15:54:01 [notice] 30#30: exiting
2023/11/21 15:54:01 [notice] 31#31: exiting
2023/11/21 15:54:01 [notice] 29#29: exiting
2023/11/21 15:54:01 [notice] 30#30: exit
2023/11/21 15:54:01 [notice] 34#34: exit
2023/11/21 15:54:01 [notice] 29#29: exit
2023/11/21 15:54:01 [notice] 33#33: exit
2023/11/21 15:54:01 [notice] 35#35: exit
2023/11/21 15:54:01 [notice] 32#32: exit
2023/11/21 15:54:01 [notice] 28#28: exit
2023/11/21 15:54:01 [notice] 31#31: exit
2023/11/21 15:54:01 [notice] 1#1: signal 17 (SIGCHLD) received from 32
2023/11/21 15:54:01 [notice] 1#1: worker process 29 exited with code 0
2023/11/21 15:54:01 [notice] 1#1: worker process 32 exited with code 0
2023/11/21 15:54:01 [notice] 1#1: worker process 33 exited with code 0
2023/11/21 15:54:01 [notice] 1#1: worker process 35 exited with code 0
2023/11/21 15:54:01 [notice] 1#1: signal 29 (SIGIO) received
2023/11/21 15:54:01 [notice] 1#1: signal 17 (SIGCHLD) received from 35
2023/11/21 15:54:01 [notice] 1#1: signal 17 (SIGCHLD) received from 34
2023/11/21 15:54:01 [notice] 1#1: worker process 34 exited with code 0
2023/11/21 15:54:01 [notice] 1#1: signal 29 (SIGIO) received
2023/11/21 15:54:01 [notice] 1#1: signal 17 (SIGCHLD) received from 28
2023/11/21 15:54:01 [notice] 1#1: worker process 28 exited with code 0
2023/11/21 15:54:01 [notice] 1#1: worker process 30 exited with code 0
2023/11/21 15:54:01 [notice] 1#1: worker process 31 exited with code 0
2023/11/21 15:54:01 [notice] 1#1: exit
2023/11/21 16:01:20 [notice] 1#1: using the "epoll" event method
2023/11/21 16:01:20 [notice] 1#1: nginx/1.23.4
2023/11/21 16:01:20 [notice] 1#1: built by gcc 10.2.1 20210110 (Debian 10.2.1-6) 
2023/11/21 16:01:20 [notice] 1#1: OS: Linux 6.4.16-linuxkit
2023/11/21 16:01:20 [notice] 1#1: getrlimit(RLIMIT_NOFILE): 1048576:1048576
2023/11/21 16:01:20 [notice] 1#1: start worker processes
2023/11/21 16:01:20 [notice] 1#1: start worker process 28
2023/11/21 16:01:20 [notice] 1#1: start worker process 29
2023/11/21 16:01:20 [notice] 1#1: start worker process 30
2023/11/21 16:01:20 [notice] 1#1: start worker process 31
2023/11/21 16:01:20 [notice] 1#1: start worker process 32
2023/11/21 16:01:20 [notice] 1#1: start worker process 33
2023/11/21 16:01:20 [notice] 1#1: start worker process 34
2023/11/21 16:01:20 [notice] 1#1: start worker process 35
2023/11/21 16:02:15 [notice] 1#1: signal 3 (SIGQUIT) received, shutting down
2023/11/21 16:02:15 [notice] 29#29: gracefully shutting down
2023/11/21 16:02:15 [notice] 35#35: gracefully shutting down
2023/11/21 16:02:15 [notice] 33#33: gracefully shutting down
2023/11/21 16:02:15 [notice] 33#33: exiting
2023/11/21 16:02:15 [notice] 31#31: gracefully shutting down
2023/11/21 16:02:15 [notice] 30#30: gracefully shutting down
2023/11/21 16:02:15 [notice] 34#34: gracefully shutting down
2023/11/21 16:02:15 [notice] 30#30: exiting
2023/11/21 16:02:15 [notice] 28#28: gracefully shutting down
2023/11/21 16:02:15 [notice] 32#32: gracefully shutting down
2023/11/21 16:02:15 [notice] 29#29: exiting
2023/11/21 16:02:15 [notice] 35#35: exiting
2023/11/21 16:02:15 [notice] 33#33: exit
2023/11/21 16:02:15 [notice] 31#31: exiting
2023/11/21 16:02:15 [notice] 34#34: exiting
2023/11/21 16:02:15 [notice] 30#30: exit
2023/11/21 16:02:15 [notice] 29#29: exit
2023/11/21 16:02:15 [notice] 32#32: exiting
2023/11/21 16:02:15 [notice] 28#28: exiting
2023/11/21 16:02:15 [notice] 35#35: exit
2023/11/21 16:02:15 [notice] 31#31: exit
2023/11/21 16:02:15 [notice] 34#34: exit
2023/11/21 16:02:15 [notice] 32#32: exit
2023/11/21 16:02:15 [notice] 28#28: exit
2023/11/21 16:02:15 [notice] 1#1: signal 17 (SIGCHLD) received from 28
2023/11/21 16:02:15 [notice] 1#1: worker process 28 exited with code 0
2023/11/21 16:02:15 [notice] 1#1: signal 29 (SIGIO) received
2023/11/21 16:02:15 [notice] 1#1: signal 17 (SIGCHLD) received from 35
2023/11/21 16:02:15 [notice] 1#1: worker process 29 exited with code 0
2023/11/21 16:02:15 [notice] 1#1: worker process 31 exited with code 0
2023/11/21 16:02:15 [notice] 1#1: worker process 33 exited with code 0
2023/11/21 16:02:15 [notice] 1#1: worker process 30 exited with code 0
2023/11/21 16:02:15 [notice] 1#1: worker process 35 exited with code 0
2023/11/21 16:02:15 [notice] 1#1: signal 29 (SIGIO) received
2023/11/21 16:02:15 [notice] 1#1: signal 17 (SIGCHLD) received from 29
2023/11/21 16:02:15 [notice] 1#1: signal 17 (SIGCHLD) received from 32
2023/11/21 16:02:15 [notice] 1#1: worker process 32 exited with code 0
2023/11/21 16:02:15 [notice] 1#1: worker process 34 exited with code 0
2023/11/21 16:02:15 [notice] 1#1: exit
2023/11/21 16:03:39 [notice] 1#1: using the "epoll" event method
2023/11/21 16:03:39 [notice] 1#1: nginx/1.23.4
2023/11/21 16:03:39 [notice] 1#1: built by gcc 10.2.1 20210110 (Debian 10.2.1-6) 
2023/11/21 16:03:39 [notice] 1#1: OS: Linux 6.4.16-linuxkit
2023/11/21 16:03:39 [notice] 1#1: getrlimit(RLIMIT_NOFILE): 1048576:1048576
2023/11/21 16:03:39 [notice] 1#1: start worker processes
2023/11/21 16:03:39 [notice] 1#1: start worker process 28
2023/11/21 16:03:39 [notice] 1#1: start worker process 29
2023/11/21 16:03:39 [notice] 1#1: start worker process 30
2023/11/21 16:03:39 [notice] 1#1: start worker process 31
2023/11/21 16:03:39 [notice] 1#1: start worker process 32
2023/11/21 16:03:39 [notice] 1#1: start worker process 33
2023/11/21 16:03:39 [notice] 1#1: start worker process 34
2023/11/21 16:03:39 [notice] 1#1: start worker process 35
2023/11/21 16:05:20 [notice] 1#1: signal 3 (SIGQUIT) received, shutting down
2023/11/21 16:05:20 [notice] 32#32: gracefully shutting down
2023/11/21 16:05:20 [notice] 35#35: gracefully shutting down
2023/11/21 16:05:20 [notice] 28#28: gracefully shutting down
2023/11/21 16:05:20 [notice] 33#33: gracefully shutting down
2023/11/21 16:05:20 [notice] 28#28: exiting
2023/11/21 16:05:20 [notice] 29#29: gracefully shutting down
2023/11/21 16:05:20 [notice] 30#30: gracefully shutting down
2023/11/21 16:05:20 [notice] 29#29: exiting
2023/11/21 16:05:20 [notice] 31#31: gracefully shutting down
2023/11/21 16:05:20 [notice] 34#34: gracefully shutting down
2023/11/21 16:05:20 [notice] 32#32: exiting
2023/11/21 16:05:20 [notice] 31#31: exiting
2023/11/21 16:05:20 [notice] 35#35: exiting
2023/11/21 16:05:20 [notice] 33#33: exiting
2023/11/21 16:05:20 [notice] 28#28: exit
2023/11/21 16:05:20 [notice] 29#29: exit
2023/11/21 16:05:20 [notice] 30#30: exiting
2023/11/21 16:05:20 [notice] 34#34: exiting
2023/11/21 16:05:20 [notice] 30#30: exit
2023/11/21 16:05:20 [notice] 34#34: exit
2023/11/21 16:05:20 [notice] 32#32: exit
2023/11/21 16:05:20 [notice] 31#31: exit
2023/11/21 16:05:20 [notice] 35#35: exit
2023/11/21 16:05:20 [notice] 33#33: exit
2023/11/21 16:05:20 [notice] 1#1: signal 17 (SIGCHLD) received from 34
2023/11/21 16:05:20 [notice] 1#1: worker process 28 exited with code 0
2023/11/21 16:05:20 [notice] 1#1: worker process 30 exited with code 0
2023/11/21 16:05:20 [notice] 1#1: worker process 34 exited with code 0
2023/11/21 16:05:20 [notice] 1#1: signal 29 (SIGIO) received
2023/11/21 16:05:20 [notice] 1#1: signal 17 (SIGCHLD) received from 33
2023/11/21 16:05:20 [notice] 1#1: worker process 29 exited with code 0
2023/11/21 16:05:20 [notice] 1#1: worker process 32 exited with code 0
2023/11/21 16:05:20 [notice] 1#1: worker process 33 exited with code 0
2023/11/21 16:05:20 [notice] 1#1: signal 29 (SIGIO) received
2023/11/21 16:05:20 [notice] 1#1: signal 17 (SIGCHLD) received from 29
2023/11/21 16:05:20 [notice] 1#1: signal 17 (SIGCHLD) received from 31
2023/11/21 16:05:20 [notice] 1#1: worker process 31 exited with code 0
2023/11/21 16:05:20 [notice] 1#1: worker process 35 exited with code 0
2023/11/21 16:05:20 [notice] 1#1: exit
2023/11/21 16:06:00 [notice] 1#1: using the "epoll" event method
2023/11/21 16:06:00 [notice] 1#1: nginx/1.23.4
2023/11/21 16:06:00 [notice] 1#1: built by gcc 10.2.1 20210110 (Debian 10.2.1-6) 
2023/11/21 16:06:00 [notice] 1#1: OS: Linux 6.4.16-linuxkit
2023/11/21 16:06:00 [notice] 1#1: getrlimit(RLIMIT_NOFILE): 1048576:1048576
2023/11/21 16:06:00 [notice] 1#1: start worker processes
2023/11/21 16:06:00 [notice] 1#1: start worker process 28
2023/11/21 16:06:00 [notice] 1#1: start worker process 29
2023/11/21 16:06:00 [notice] 1#1: start worker process 30
2023/11/21 16:06:00 [notice] 1#1: start worker process 31
2023/11/21 16:06:00 [notice] 1#1: start worker process 32
2023/11/21 16:06:00 [notice] 1#1: start worker process 33
2023/11/21 16:06:00 [notice] 1#1: start worker process 34
2023/11/21 16:06:00 [notice] 1#1: start worker process 35
2023/11/21 16:11:07 [notice] 1#1: signal 3 (SIGQUIT) received, shutting down
2023/11/21 16:11:07 [notice] 29#29: gracefully shutting down
2023/11/21 16:11:07 [notice] 30#30: gracefully shutting down
2023/11/21 16:11:07 [notice] 30#30: exiting
2023/11/21 16:11:07 [notice] 33#33: gracefully shutting down
2023/11/21 16:11:07 [notice] 32#32: gracefully shutting down
2023/11/21 16:11:07 [notice] 32#32: exiting
2023/11/21 16:11:07 [notice] 28#28: gracefully shutting down
2023/11/21 16:11:07 [notice] 31#31: gracefully shutting down
2023/11/21 16:11:07 [notice] 34#34: gracefully shutting down
2023/11/21 16:11:07 [notice] 35#35: gracefully shutting down
2023/11/21 16:11:07 [notice] 31#31: exiting
2023/11/21 16:11:07 [notice] 29#29: exiting
2023/11/21 16:11:07 [notice] 35#35: exiting
2023/11/21 16:11:07 [notice] 30#30: exit
2023/11/21 16:11:07 [notice] 33#33: exiting
2023/11/21 16:11:07 [notice] 32#32: exit
2023/11/21 16:11:07 [notice] 33#33: exit
2023/11/21 16:11:07 [notice] 28#28: exiting
2023/11/21 16:11:07 [notice] 34#34: exiting
2023/11/21 16:11:07 [notice] 31#31: exit
2023/11/21 16:11:07 [notice] 29#29: exit
2023/11/21 16:11:07 [notice] 28#28: exit
2023/11/21 16:11:07 [notice] 35#35: exit
2023/11/21 16:11:07 [notice] 34#34: exit
2023/11/21 16:11:07 [notice] 1#1: signal 17 (SIGCHLD) received from 30
2023/11/21 16:11:07 [notice] 1#1: worker process 29 exited with code 0
2023/11/21 16:11:07 [notice] 1#1: worker process 28 exited with code 0
2023/11/21 16:11:07 [notice] 1#1: worker process 30 exited with code 0
2023/11/21 16:11:07 [notice] 1#1: worker process 31 exited with code 0
2023/11/21 16:11:07 [notice] 1#1: worker process 32 exited with code 0
2023/11/21 16:11:07 [notice] 1#1: worker process 33 exited with code 0
2023/11/21 16:11:07 [notice] 1#1: worker process 34 exited with code 0
2023/11/21 16:11:07 [notice] 1#1: worker process 35 exited with code 0
2023/11/21 16:11:07 [notice] 1#1: exit
2023/11/21 16:11:34 [notice] 1#1: using the "epoll" event method
2023/11/21 16:11:34 [notice] 1#1: nginx/1.23.4
2023/11/21 16:11:34 [notice] 1#1: built by gcc 10.2.1 20210110 (Debian 10.2.1-6) 
2023/11/21 16:11:34 [notice] 1#1: OS: Linux 6.4.16-linuxkit
2023/11/21 16:11:34 [notice] 1#1: getrlimit(RLIMIT_NOFILE): 1048576:1048576
2023/11/21 16:11:34 [notice] 1#1: start worker processes
2023/11/21 16:11:34 [notice] 1#1: start worker process 28
2023/11/21 16:11:34 [notice] 1#1: start worker process 29
2023/11/21 16:11:34 [notice] 1#1: start worker process 30
2023/11/21 16:11:34 [notice] 1#1: start worker process 31
2023/11/21 16:11:34 [notice] 1#1: start worker process 32
2023/11/21 16:11:34 [notice] 1#1: start worker process 33
2023/11/21 16:11:34 [notice] 1#1: start worker process 34
2023/11/21 16:11:34 [notice] 1#1: start worker process 35
2023/11/21 16:12:22 [notice] 1#1: signal 3 (SIGQUIT) received, shutting down
2023/11/21 16:12:22 [notice] 29#29: gracefully shutting down
2023/11/21 16:12:22 [notice] 33#33: gracefully shutting down
2023/11/21 16:12:22 [notice] 31#31: gracefully shutting down
2023/11/21 16:12:22 [notice] 35#35: gracefully shutting down
2023/11/21 16:12:22 [notice] 32#32: gracefully shutting down
2023/11/21 16:12:22 [notice] 30#30: gracefully shutting down
2023/11/21 16:12:22 [notice] 28#28: gracefully shutting down
2023/11/21 16:12:22 [notice] 34#34: gracefully shutting down
2023/11/21 16:12:22 [notice] 28#28: exiting
2023/11/21 16:12:22 [notice] 29#29: exiting
2023/11/21 16:12:22 [notice] 33#33: exiting
2023/11/21 16:12:22 [notice] 31#31: exiting
2023/11/21 16:12:22 [notice] 33#33: exit
2023/11/21 16:12:22 [notice] 35#35: exiting
2023/11/21 16:12:22 [notice] 32#32: exiting
2023/11/21 16:12:22 [notice] 32#32: exit
2023/11/21 16:12:22 [notice] 30#30: exiting
2023/11/21 16:12:22 [notice] 34#34: exiting
2023/11/21 16:12:22 [notice] 28#28: exit
2023/11/21 16:12:22 [notice] 34#34: exit
2023/11/21 16:12:22 [notice] 29#29: exit
2023/11/21 16:12:22 [notice] 31#31: exit
2023/11/21 16:12:22 [notice] 35#35: exit
2023/11/21 16:12:22 [notice] 30#30: exit
2023/11/21 16:12:22 [notice] 1#1: signal 17 (SIGCHLD) received from 32
2023/11/21 16:12:22 [notice] 1#1: worker process 28 exited with code 0
2023/11/21 16:12:22 [notice] 1#1: worker process 32 exited with code 0
2023/11/21 16:12:22 [notice] 1#1: worker process 31 exited with code 0
2023/11/21 16:12:22 [notice] 1#1: worker process 29 exited with code 0
2023/11/21 16:12:22 [notice] 1#1: worker process 30 exited with code 0
2023/11/21 16:12:22 [notice] 1#1: worker process 33 exited with code 0
2023/11/21 16:12:22 [notice] 1#1: worker process 34 exited with code 0
2023/11/21 16:12:22 [notice] 1#1: worker process 35 exited with code 0
2023/11/21 16:12:22 [notice] 1#1: exit
2023/11/21 16:12:52 [notice] 1#1: using the "epoll" event method
2023/11/21 16:12:52 [notice] 1#1: nginx/1.23.4
2023/11/21 16:12:52 [notice] 1#1: built by gcc 10.2.1 20210110 (Debian 10.2.1-6) 
2023/11/21 16:12:52 [notice] 1#1: OS: Linux 6.4.16-linuxkit
2023/11/21 16:12:52 [notice] 1#1: getrlimit(RLIMIT_NOFILE): 1048576:1048576
2023/11/21 16:12:52 [notice] 1#1: start worker processes
2023/11/21 16:12:52 [notice] 1#1: start worker process 28
2023/11/21 16:12:52 [notice] 1#1: start worker process 29
2023/11/21 16:12:52 [notice] 1#1: start worker process 30
2023/11/21 16:12:52 [notice] 1#1: start worker process 31
2023/11/21 16:12:52 [notice] 1#1: start worker process 32
2023/11/21 16:12:52 [notice] 1#1: start worker process 33
2023/11/21 16:12:52 [notice] 1#1: start worker process 34
2023/11/21 16:12:52 [notice] 1#1: start worker process 35
2023/11/22 15:56:14 [notice] 1#1: signal 3 (SIGQUIT) received, shutting down
2023/11/22 15:56:14 [notice] 29#29: gracefully shutting down
2023/11/22 15:56:14 [notice] 28#28: gracefully shutting down
2023/11/22 15:56:14 [notice] 31#31: gracefully shutting down
2023/11/22 15:56:14 [notice] 35#35: gracefully shutting down
2023/11/22 15:56:14 [notice] 32#32: gracefully shutting down
2023/11/22 15:56:14 [notice] 30#30: gracefully shutting down
2023/11/22 15:56:14 [notice] 35#35: exiting
2023/11/22 15:56:14 [notice] 33#33: gracefully shutting down
2023/11/22 15:56:14 [notice] 34#34: gracefully shutting down
2023/11/22 15:56:14 [notice] 28#28: exiting
2023/11/22 15:56:14 [notice] 31#31: exiting
2023/11/22 15:56:14 [notice] 30#30: exiting
2023/11/22 15:56:14 [notice] 33#33: exiting
2023/11/22 15:56:14 [notice] 28#28: exit
2023/11/22 15:56:14 [notice] 32#32: exiting
2023/11/22 15:56:14 [notice] 30#30: exit
2023/11/22 15:56:14 [notice] 31#31: exit
2023/11/22 15:56:14 [notice] 35#35: exit
2023/11/22 15:56:14 [notice] 33#33: exit
2023/11/22 15:56:14 [notice] 29#29: exiting
2023/11/22 15:56:14 [notice] 34#34: exiting
2023/11/22 15:56:14 [notice] 32#32: exit
2023/11/22 15:56:14 [notice] 29#29: exit
2023/11/22 15:56:14 [notice] 34#34: exit
2023/11/22 15:56:14 [notice] 1#1: signal 17 (SIGCHLD) received from 31
2023/11/22 15:56:14 [notice] 1#1: worker process 28 exited with code 0
2023/11/22 15:56:14 [notice] 1#1: worker process 29 exited with code 0
2023/11/22 15:56:14 [notice] 1#1: worker process 30 exited with code 0
2023/11/22 15:56:14 [notice] 1#1: worker process 31 exited with code 0
2023/11/22 15:56:14 [notice] 1#1: worker process 32 exited with code 0
2023/11/22 15:56:14 [notice] 1#1: worker process 33 exited with code 0
2023/11/22 15:56:14 [notice] 1#1: worker process 34 exited with code 0
2023/11/22 15:56:14 [notice] 1#1: worker process 35 exited with code 0
2023/11/22 15:56:14 [notice] 1#1: exit
2023/11/22 16:02:14 [notice] 1#1: using the "epoll" event method
2023/11/22 16:02:14 [notice] 1#1: nginx/1.23.4
2023/11/22 16:02:14 [notice] 1#1: built by gcc 10.2.1 20210110 (Debian 10.2.1-6) 
2023/11/22 16:02:14 [notice] 1#1: OS: Linux 6.4.16-linuxkit
2023/11/22 16:02:14 [notice] 1#1: getrlimit(RLIMIT_NOFILE): 1048576:1048576
2023/11/22 16:02:14 [notice] 1#1: start worker processes
2023/11/22 16:02:14 [notice] 1#1: start worker process 28
2023/11/22 16:02:14 [notice] 1#1: start worker process 29
2023/11/22 16:02:14 [notice] 1#1: start worker process 30
2023/11/22 16:02:14 [notice] 1#1: start worker process 31
2023/11/22 16:02:14 [notice] 1#1: start worker process 32
2023/11/22 16:02:14 [notice] 1#1: start worker process 33
2023/11/22 16:02:14 [notice] 1#1: start worker process 34
2023/11/22 16:02:14 [notice] 1#1: start worker process 35
2023/11/22 16:04:09 [notice] 1#1: signal 3 (SIGQUIT) received, shutting down
2023/11/22 16:04:09 [notice] 28#28: gracefully shutting down
2023/11/22 16:04:09 [notice] 29#29: gracefully shutting down
2023/11/22 16:04:09 [notice] 32#32: gracefully shutting down
2023/11/22 16:04:09 [notice] 31#31: gracefully shutting down
2023/11/22 16:04:09 [notice] 35#35: gracefully shutting down
2023/11/22 16:04:09 [notice] 35#35: exiting
2023/11/22 16:04:09 [notice] 34#34: gracefully shutting down
2023/11/22 16:04:09 [notice] 30#30: gracefully shutting down
2023/11/22 16:04:09 [notice] 34#34: exiting
2023/11/22 16:04:09 [notice] 30#30: exiting
2023/11/22 16:04:09 [notice] 33#33: gracefully shutting down
2023/11/22 16:04:09 [notice] 28#28: exiting
2023/11/22 16:04:09 [notice] 29#29: exiting
2023/11/22 16:04:09 [notice] 32#32: exiting
2023/11/22 16:04:09 [notice] 31#31: exiting
2023/11/22 16:04:09 [notice] 35#35: exit
2023/11/22 16:04:09 [notice] 34#34: exit
2023/11/22 16:04:09 [notice] 30#30: exit
2023/11/22 16:04:09 [notice] 33#33: exiting
2023/11/22 16:04:09 [notice] 28#28: exit
2023/11/22 16:04:09 [notice] 29#29: exit
2023/11/22 16:04:09 [notice] 32#32: exit
2023/11/22 16:04:09 [notice] 31#31: exit
2023/11/22 16:04:09 [notice] 33#33: exit
2023/11/22 16:04:10 [notice] 1#1: signal 17 (SIGCHLD) received from 34
2023/11/22 16:04:10 [notice] 1#1: worker process 34 exited with code 0
2023/11/22 16:04:10 [notice] 1#1: worker process 35 exited with code 0
2023/11/22 16:04:10 [notice] 1#1: signal 29 (SIGIO) received
2023/11/22 16:04:10 [notice] 1#1: signal 17 (SIGCHLD) received from 35
2023/11/22 16:04:10 [notice] 1#1: signal 17 (SIGCHLD) received from 30
2023/11/22 16:04:10 [notice] 1#1: worker process 30 exited with code 0
2023/11/22 16:04:10 [notice] 1#1: worker process 28 exited with code 0
2023/11/22 16:04:10 [notice] 1#1: worker process 29 exited with code 0
2023/11/22 16:04:10 [notice] 1#1: signal 29 (SIGIO) received
2023/11/22 16:04:10 [notice] 1#1: signal 17 (SIGCHLD) received from 28
2023/11/22 16:04:10 [notice] 1#1: worker process 31 exited with code 0
2023/11/22 16:04:10 [notice] 1#1: signal 29 (SIGIO) received
2023/11/22 16:04:10 [notice] 1#1: signal 17 (SIGCHLD) received from 31
2023/11/22 16:04:10 [notice] 1#1: worker process 32 exited with code 0
2023/11/22 16:04:10 [notice] 1#1: worker process 33 exited with code 0
2023/11/22 16:04:10 [notice] 1#1: exit
2023/11/23 06:32:11 [notice] 1#1: using the "epoll" event method
2023/11/23 06:32:11 [notice] 1#1: nginx/1.23.4
2023/11/23 06:32:11 [notice] 1#1: built by gcc 10.2.1 20210110 (Debian 10.2.1-6) 
2023/11/23 06:32:11 [notice] 1#1: OS: Linux 6.4.16-linuxkit
2023/11/23 06:32:11 [notice] 1#1: getrlimit(RLIMIT_NOFILE): 1048576:1048576
2023/11/23 06:32:11 [notice] 1#1: start worker processes
2023/11/23 06:32:11 [notice] 1#1: start worker process 28
2023/11/23 06:32:11 [notice] 1#1: start worker process 29
2023/11/23 06:32:11 [notice] 1#1: start worker process 30
2023/11/23 06:32:11 [notice] 1#1: start worker process 31
2023/11/23 06:32:11 [notice] 1#1: start worker process 32
2023/11/23 06:32:11 [notice] 1#1: start worker process 33
2023/11/23 06:32:11 [notice] 1#1: start worker process 34
2023/11/23 06:32:11 [notice] 1#1: start worker process 35
2023/11/23 06:36:36 [error] 28#28: *1 open() "/var/www/html/favicon.ico" failed (2: No such file or directory), client: 192.168.65.1, server: , request: "GET /favicon.ico HTTP/1.1", host: "localhost", referrer: "http://localhost/index.php"
2023/11/23 06:48:35 [notice] 1#1: signal 3 (SIGQUIT) received, shutting down
2023/11/23 06:48:35 [notice] 30#30: gracefully shutting down
2023/11/23 06:48:35 [notice] 31#31: gracefully shutting down
2023/11/23 06:48:35 [notice] 33#33: gracefully shutting down
2023/11/23 06:48:35 [notice] 30#30: exiting
2023/11/23 06:48:35 [notice] 29#29: gracefully shutting down
2023/11/23 06:48:35 [notice] 28#28: gracefully shutting down
2023/11/23 06:48:35 [notice] 29#29: exiting
2023/11/23 06:48:35 [notice] 32#32: gracefully shutting down
2023/11/23 06:48:35 [notice] 35#35: gracefully shutting down
2023/11/23 06:48:35 [notice] 34#34: gracefully shutting down
2023/11/23 06:48:35 [notice] 33#33: exiting
2023/11/23 06:48:35 [notice] 30#30: exit
2023/11/23 06:48:35 [notice] 31#31: exiting
2023/11/23 06:48:35 [notice] 28#28: exiting
2023/11/23 06:48:35 [notice] 28#28: exit
2023/11/23 06:48:35 [notice] 29#29: exit
2023/11/23 06:48:35 [notice] 32#32: exiting
2023/11/23 06:48:35 [notice] 32#32: exit
2023/11/23 06:48:35 [notice] 35#35: exiting
2023/11/23 06:48:35 [notice] 34#34: exiting
2023/11/23 06:48:35 [notice] 33#33: exit
2023/11/23 06:48:35 [notice] 31#31: exit
2023/11/23 06:48:35 [notice] 35#35: exit
2023/11/23 06:48:35 [notice] 34#34: exit
2023/11/23 06:48:35 [notice] 1#1: signal 17 (SIGCHLD) received from 35
2023/11/23 06:48:35 [notice] 1#1: worker process 28 exited with code 0
2023/11/23 06:48:35 [notice] 1#1: worker process 29 exited with code 0
2023/11/23 06:48:35 [notice] 1#1: worker process 30 exited with code 0
2023/11/23 06:48:35 [notice] 1#1: worker process 31 exited with code 0
2023/11/23 06:48:35 [notice] 1#1: worker process 32 exited with code 0
2023/11/23 06:48:35 [notice] 1#1: worker process 33 exited with code 0
2023/11/23 06:48:35 [notice] 1#1: worker process 34 exited with code 0
2023/11/23 06:48:35 [notice] 1#1: worker process 35 exited with code 0
2023/11/23 06:48:35 [notice] 1#1: exit
